[debug] ----------------------------------------------------------------------
[debug] Command:      C:\Program Files\nodejs\node.exe C:\Users\Mason\AppData\Roaming\npm\node_modules\firebase-tools\bin\firebase serve
[debug] CLI Version:  3.0.8
[debug] Platform:     win32
[debug] Node Version: v4.4.7
[debug] Time:         Thu Oct 20 2016 08:42:17 GMT-0600 (Mountain Daylight Time)
[debug] ----------------------------------------------------------------------
[debug] 
[info] Starting Firebase development server...
[info] 
[info] Project Directory: C:\Users\Mason\Desktop\FALL 2016\ENEL 400\ENEL_400_firebase
[info] Public Directory: public
[info] 
[info] Server listening at: http://localhost:5000
[debug] ----------------------------------------------------------------------
[debug] Command:      C:\Program Files\nodejs\node.exe C:\Users\Mason\AppData\Roaming\npm\node_modules\firebase-tools\bin\firebase serve
[debug] CLI Version:  3.0.8
[debug] Platform:     win32
[debug] Node Version: v4.4.7
[debug] Time:         Tue Nov 01 2016 19:25:19 GMT-0600 (Mountain Daylight Time)
[debug] ----------------------------------------------------------------------
[debug] 
[info] Starting Firebase development server...
[info] 
[info] Project Directory: C:\Users\Mason\Desktop\FALL 2016\ENEL 400\ENEL_400_firebase
[info] Public Directory: public
[info] 
[info] Server listening at: http://localhost:5000
